[debug] [2023-08-14T07:41:27.189Z] ----------------------------------------------------------------------
[debug] [2023-08-14T07:41:27.191Z] Command:       C:\Program Files\nodejs\node.exe C:\Users\mani manak\AppData\Roaming\npm\node_modules\firebase-tools\lib\bin\firebase.js init
[debug] [2023-08-14T07:41:27.191Z] CLI Version:   12.4.7
[debug] [2023-08-14T07:41:27.192Z] Platform:      win32
[debug] [2023-08-14T07:41:27.192Z] Node Version:  v18.14.0
[debug] [2023-08-14T07:41:27.198Z] Time:          Mon Aug 14 2023 13:11:27 GMT+0530 (India Standard Time)
[debug] [2023-08-14T07:41:27.198Z] ----------------------------------------------------------------------
[debug] 
[debug] [2023-08-14T07:41:27.204Z] > command requires scopes: ["email","openid","https://www.googleapis.com/auth/cloudplatformprojects.readonly","https://www.googleapis.com/auth/firebase","https://www.googleapis.com/auth/cloud-platform"]
[debug] [2023-08-14T07:41:27.205Z] > authorizing via signed-in user (manimanak123kumar@gmail.com)
[info] 
     ######## #### ########  ######## ########     ###     ######  ########
     ##        ##  ##     ## ##       ##     ##  ##   ##  ##       ##
     ######    ##  ########  ######   ########  #########  ######  ######
     ##        ##  ##    ##  ##       ##     ## ##     ##       ## ##
     ##       #### ##     ## ######## ########  ##     ##  ######  ########

You're about to initialize a Firebase project in this directory:

  C:\Users\mani manak\Downloads\comapny

[info] 
=== Project Setup
[info] 
[info] First, let's associate this project directory with a Firebase project.
[info] You can create multiple project aliases by running firebase use --add, 
[info] but for now we'll just set up a default project.
[info] 
[debug] [2023-08-14T07:43:14.241Z] > refreshing access token with scopes: []
[debug] [2023-08-14T07:43:14.243Z] >>> [apiv2][query] POST https://www.googleapis.com/oauth2/v3/token [none]
[debug] [2023-08-14T07:43:14.244Z] >>> [apiv2][body] POST https://www.googleapis.com/oauth2/v3/token [omitted]
[debug] [2023-08-14T07:43:14.637Z] <<< [apiv2][status] POST https://www.googleapis.com/oauth2/v3/token 200
[debug] [2023-08-14T07:43:14.638Z] <<< [apiv2][body] POST https://www.googleapis.com/oauth2/v3/token [omitted]
[debug] [2023-08-14T07:43:14.649Z] >>> [apiv2][query] GET https://firebase.googleapis.com/v1beta1/projects pageSize=100
[debug] [2023-08-14T07:43:15.660Z] <<< [apiv2][status] GET https://firebase.googleapis.com/v1beta1/projects 200
[debug] [2023-08-14T07:43:15.660Z] <<< [apiv2][body] GET https://firebase.googleapis.com/v1beta1/projects [omitted]
[info] i  Using project oyobooked (oyobooked) 
[info] 
=== Hosting Setup
[info] 
[info] Your public directory is the folder (relative to your project directory) that
[info] will contain Hosting assets to be uploaded with firebase deploy. If you
[info] have a build process for your assets, use your build's output directory.
[info] 
